<?xml version="1.0" encoding="UTF-8"?>
<beans xmlns="http://www.springframework.org/schema/beans"
       xmlns:xsi="http://www.w3.org/2001/XMLSchema-instance"
       xmlns:context="http://www.springframework.org/schema/context"
       xsi:schemaLocation="http://www.springframework.org/schema/beans
        http://www.springframework.org/schema/beans/spring-beans-4.0.xsd
        http://www.springframework.org/schema/context
        http://www.springframework.org/schema/context/spring-context-4.0.xsd"
>

    <!-- 扫描文件（自动将service层注入）测试使用 -->
    <context:component-scan base-package="com.we.p2p"/>
    <import resource="classpath:spring-mybatis.xml"/>
    <import resource="classpath:spring-dubbo-application.xml"/>
    <import resource="classpath:spring-dubbo-consumer.xml"/>
    <import resource="classpath:spring-redis.xml"/>
    <!--<import resource="classpath:spring_config.xml"/>-->

</beans>